{"name": "login data -- @1.1 ", "status": "broken", "statusDetails": {"message": "selenium.common.exceptions.StaleElementReferenceException: Message: stale element reference: element is not attached to the page document\n  (Session info: chrome=107.0.5304.88)\n\n", "trace": "  File \"C:\\CG_project\\SPRINT_2\\lib\\site-packages\\behave\\model.py\", line 1329, in run\n    match.run(runner.context)\n  File \"C:\\CG_project\\SPRINT_2\\lib\\site-packages\\behave\\matchers.py\", line 98, in run\n    self.func(context, *args, **kwargs)\n  File \"features\\steps\\ScenarioOutlineExampleStep.py\", line 68, in step_impl\n    context.send.setTo(to)\n  File \"C:\\SPRINT_2\\features\\pageobjects\\SendmailPage.py\", line 16, in setTo\n    self.TypeEditBoxEmail(\"toField_XPATH\", to)\n  File \"C:\\SPRINT_2\\features\\pageobjects\\Base.py\", line 241, in TypeEditBoxEmail\n    self.driver.find_element_by_xpath(configreader.ConfigReader(\"locators\", locator)).click()\n  File \"C:\\CG_project\\SPRINT_2\\lib\\site-packages\\selenium\\webdriver\\remote\\webelement.py\", line 80, in click\n    self._execute(Command.CLICK_ELEMENT)\n  File \"C:\\CG_project\\SPRINT_2\\lib\\site-packages\\selenium\\webdriver\\remote\\webelement.py\", line 633, in _execute\n    return self._parent.execute(command, params)\n  File \"C:\\CG_project\\SPRINT_2\\lib\\site-packages\\selenium\\webdriver\\remote\\webdriver.py\", line 321, in execute\n    self.error_handler.check_response(response)\n  File \"C:\\CG_project\\SPRINT_2\\lib\\site-packages\\selenium\\webdriver\\remote\\errorhandler.py\", line 242, in check_response\n    raise exception_class(message, screen, stacktrace)\n"}, "steps": [{"name": "Given we navigate to Rediffmail account", "status": "passed", "start": 1667993918639, "stop": 1667993923881}, {"name": "When we validate the username text", "status": "passed", "start": 1667993923881, "stop": 1667993924277}, {"name": "And we type in the \"alicephilopw\" edit box", "status": "passed", "start": 1667993924277, "stop": 1667993924720}, {"name": "And we validate the password text", "status": "passed", "start": 1667993924720, "stop": 1667993924830}, {"name": "And we type in the \"Alice@123\" field", "status": "passed", "start": 1667993924830, "stop": 1667993928059}, {"name": "And we click on the sign in button", "status": "passed", "start": 1667993928059, "stop": 1667993938608}, {"name": "Then we validate inbox page opens", "status": "passed", "start": 1667993938609, "stop": 1667993938660}, {"name": "Given we click in write mail link", "status": "passed", "start": 1667993938660, "stop": 1667993943832}, {"name": "When we fill the \"alicephilo7@gmail.com\" field", "status": "broken", "statusDetails": {"message": "selenium.common.exceptions.StaleElementReferenceException: Message: stale element reference: element is not attached to the page document\n  (Session info: chrome=107.0.5304.88)\n\n", "trace": "  File \"C:\\CG_project\\SPRINT_2\\lib\\site-packages\\behave\\model.py\", line 1329, in run\n    match.run(runner.context)\n  File \"C:\\CG_project\\SPRINT_2\\lib\\site-packages\\behave\\matchers.py\", line 98, in run\n    self.func(context, *args, **kwargs)\n  File \"features\\steps\\ScenarioOutlineExampleStep.py\", line 68, in step_impl\n    context.send.setTo(to)\n  File \"C:\\SPRINT_2\\features\\pageobjects\\SendmailPage.py\", line 16, in setTo\n    self.TypeEditBoxEmail(\"toField_XPATH\", to)\n  File \"C:\\SPRINT_2\\features\\pageobjects\\Base.py\", line 241, in TypeEditBoxEmail\n    self.driver.find_element_by_xpath(configreader.ConfigReader(\"locators\", locator)).click()\n  File \"C:\\CG_project\\SPRINT_2\\lib\\site-packages\\selenium\\webdriver\\remote\\webelement.py\", line 80, in click\n    self._execute(Command.CLICK_ELEMENT)\n  File \"C:\\CG_project\\SPRINT_2\\lib\\site-packages\\selenium\\webdriver\\remote\\webelement.py\", line 633, in _execute\n    return self._parent.execute(command, params)\n  File \"C:\\CG_project\\SPRINT_2\\lib\\site-packages\\selenium\\webdriver\\remote\\webdriver.py\", line 321, in execute\n    self.error_handler.check_response(response)\n  File \"C:\\CG_project\\SPRINT_2\\lib\\site-packages\\selenium\\webdriver\\remote\\errorhandler.py\", line 242, in check_response\n    raise exception_class(message, screen, stacktrace)\n"}, "attachments": [{"name": "screenshot", "source": "16ecde24-b69f-4be5-9420-41331abb6e6e-attachment.png", "type": "image/png"}], "start": 1667993943833, "stop": 1667993951474}, {"name": "And we type the \"test\" area", "status": "skipped", "start": 1667993957907, "stop": 1667993957907}, {"name": "And type in \"testing done\" area", "status": "skipped", "start": 1667993957907, "stop": 1667993957907}, {"name": "And we click on send button", "status": "skipped", "start": 1667993957907, "stop": 1667993957907}, {"name": "And we click on logout link", "status": "skipped", "start": 1667993957907, "stop": 1667993957907}, {"name": "Then we validate that we have logded out of rediffmail account", "status": "skipped", "start": 1667993957907, "stop": 1667993957907}], "parameters": [{"name": "username", "value": "alicephilopw"}, {"name": "password", "value": "Alice@123"}, {"name": "to", "value": "alicephilo7@gmail.com"}, {"name": "subject", "value": "test"}, {"name": "compose", "value": "testing done"}], "start": 1667993914006, "stop": 1667993957907, "uuid": "9c53dc86-3ec4-455b-8559-989804bfe5ad", "historyId": "41aeefaf4665c8cf9a2510de87c301c7", "fullName": "login Rediffmail: login data", "labels": [{"name": "severity", "value": "normal"}, {"name": "feature", "value": "login Rediffmail"}, {"name": "framework", "value": "behave"}, {"name": "language", "value": "cpython3"}]}